<?xml version="1.0" encoding="UTF-8"?>
<testng-results skipped="0" failed="0" ignored="0" total="1" passed="1">
  <reporter-output>
  </reporter-output>
  <suite name="Suite" duration-ms="39063" started-at="2021-05-27T21:06:07 IST" finished-at="2021-05-27T21:06:46 IST">
    <groups>
    </groups>
    <test name="Test" duration-ms="39063" started-at="2021-05-27T21:06:07 IST" finished-at="2021-05-27T21:06:46 IST">
      <class name="testcase.login">
        <test-method status="PASS" signature="log()[pri:0, instance:testcase.login@6acdbdf5]" name="log" duration-ms="39006" started-at="2021-05-27T21:06:07 IST" finished-at="2021-05-27T21:06:46 IST">
          <reporter-output>
          </reporter-output>
        </test-method> <!-- log -->
      </class> <!-- testcase.login -->
    </test> <!-- Test -->
  </suite> <!-- Suite -->
</testng-results>
